<?xml version="1.0" encoding="UTF-8"?>
<!-- Generated by org.testng.reporters.JUnitReportReporter -->
<testsuite hostname="ForeVision" failures="0" tests="2" name="com.qa.tests.GetAPITest" time="1.173" errors="0" timestamp="2020-03-16T19:48:31 IST" skipped="0">
  <testcase classname="com.qa.tests.GetAPITest" name="getAPITestWithoutHeaders" time="1.051"/>
  <testcase classname="com.qa.tests.GetAPITest" name="getAPITestWithHeaders" time="0.122"/>
</testsuite> <!-- com.qa.tests.GetAPITest -->
